<?xml version="1.0" encoding="UTF-8"?>
<robot generator="Robot 5.0.1 (Python 3.8.10 on linux)" generated="20240813 17:09:24.556" rpa="false" schemaversion="3">
<suite id="s1" name="Main file" source="/home/vvdn13302/Desktop/VVDN_Icon/TestCases/Main_file.robot">
<kw name="Open My Browser" library="inital_setup" type="SETUP">
<kw name="Setup Chrome Driver" library="setup">
<msg timestamp="20240813 17:09:24.899" level="INFO">====== WebDriver manager ======</msg>
<msg timestamp="20240813 17:09:24.979" level="INFO">Current google-chrome version is 127.0.6533</msg>
<msg timestamp="20240813 17:09:24.980" level="INFO">Get LATEST chromedriver version for 127.0.6533 google-chrome</msg>
<msg timestamp="20240813 17:09:25.716" level="FAIL">ValueError: There is no such driver by url https://chromedriver.storage.googleapis.com/LATEST_RELEASE_127.0.6533</msg>
<status status="FAIL" starttime="20240813 17:09:24.899" endtime="20240813 17:09:25.720"/>
</kw>
<kw name="Go To" library="Selenium2Library">
<arg>${url}</arg>
<doc>Navigates the current browser window to the provided ``url``.</doc>
<status status="NOT RUN" starttime="20240813 17:09:25.721" endtime="20240813 17:09:25.722"/>
</kw>
<kw name="Maximize Browser Window" library="Selenium2Library">
<doc>Maximizes current browser window.</doc>
<status status="NOT RUN" starttime="20240813 17:09:25.722" endtime="20240813 17:09:25.722"/>
</kw>
<kw name="Wait Until Page Contains Element" library="Selenium2Library">
<arg>${verify_login_page}</arg>
<doc>Waits until the element ``locator`` appears on the current page.</doc>
<status status="NOT RUN" starttime="20240813 17:09:25.723" endtime="20240813 17:09:25.723"/>
</kw>
<status status="FAIL" starttime="20240813 17:09:24.897" endtime="20240813 17:09:25.724"/>
</kw>
<test id="s1-t1" name="Tc_1 Forgot password test" line="11">
<status status="FAIL" starttime="20240813 17:09:25.725" endtime="20240813 17:09:25.727">Parent suite setup failed:
ValueError: There is no such driver by url https://chromedriver.storage.googleapis.com/LATEST_RELEASE_127.0.6533</status>
</test>
<kw name="Closing the browser" library="inital_setup" type="TEARDOWN">
<kw name="Close Browser" library="Selenium2Library">
<doc>Closes the current browser.</doc>
<status status="PASS" starttime="20240813 17:09:25.730" endtime="20240813 17:09:25.730"/>
</kw>
<status status="PASS" starttime="20240813 17:09:25.729" endtime="20240813 17:09:25.731"/>
</kw>
<status status="FAIL" starttime="20240813 17:09:24.560" endtime="20240813 17:09:25.731">Suite setup failed:
ValueError: There is no such driver by url https://chromedriver.storage.googleapis.com/LATEST_RELEASE_127.0.6533</status>
</suite>
<statistics>
<total>
<stat pass="0" fail="1" skip="0">All Tests</stat>
</total>
<tag>
</tag>
<suite>
<stat pass="0" fail="1" skip="0" id="s1" name="Main file">Main file</stat>
</suite>
</statistics>
<errors>
</errors>
</robot>
