<?xml version="1.0" encoding="UTF-8"?>
<robot generator="Robot 5.0.1 (Python 3.8.10 on linux)" generated="20230628 14:58:10.292" rpa="false" schemaversion="3">
<suite id="s1" name="VVDN Icon" source="/home/vvdn13302/Desktop/VVDN_Icon">
<suite id="s1-s1" name="TestCases" source="/home/vvdn13302/Desktop/VVDN_Icon/TestCases">
<suite id="s1-s1-s1" name="Main file" source="/home/vvdn13302/Desktop/VVDN_Icon/TestCases/Main_file.robot">
<kw name="Open My Browser" library="inital_setup" type="SETUP">
<kw name="Get Selection From User" library="Dialogs">
<var>${Selection}</var>
<arg>Select the browser type</arg>
<arg>Chrome</arg>
<arg>Firefox</arg>
<doc>Pauses execution and asks user to select a value.</doc>
<msg timestamp="20230628 14:58:14.901" level="INFO">${Selection} = Chrome</msg>
<status status="PASS" starttime="20230628 14:58:10.505" endtime="20230628 14:58:14.902"/>
</kw>
<if>
<branch type="IF" condition="'${Selection}'=='Chrome'">
<kw name="Open Browser" library="Selenium2Library">
<arg>${url}</arg>
<arg>${Selection}</arg>
<doc>Opens a new browser instance to the optional ``url``.</doc>
<msg timestamp="20230628 14:58:14.908" level="INFO">Opening browser 'Chrome' to base url 'https://vvdnicon.com/login'.</msg>
<status status="PASS" starttime="20230628 14:58:14.905" endtime="20230628 14:58:23.482"/>
</kw>
<kw name="Maximize Browser Window" library="Selenium2Library">
<doc>Maximizes current browser window.</doc>
<status status="PASS" starttime="20230628 14:58:23.482" endtime="20230628 14:58:23.587"/>
</kw>
<kw name="Wait Until Page Contains Element" library="Selenium2Library">
<arg>${verify_login_page}</arg>
<doc>Waits until the element ``locator`` appears on the current page.</doc>
<status status="PASS" starttime="20230628 14:58:23.588" endtime="20230628 14:58:24.883"/>
</kw>
<status status="PASS" starttime="20230628 14:58:14.904" endtime="20230628 14:58:24.884"/>
</branch>
<branch type="ELSE">
<kw name="Open Browser" library="Selenium2Library">
<arg>${url}</arg>
<arg>${Selection}</arg>
<doc>Opens a new browser instance to the optional ``url``.</doc>
<status status="NOT RUN" starttime="20230628 14:58:24.885" endtime="20230628 14:58:24.886"/>
</kw>
<kw name="Maximize Browser Window" library="Selenium2Library">
<doc>Maximizes current browser window.</doc>
<status status="NOT RUN" starttime="20230628 14:58:24.887" endtime="20230628 14:58:24.887"/>
</kw>
<kw name="Wait Until Page Contains Element" library="Selenium2Library">
<arg>${verify_login_page}</arg>
<doc>Waits until the element ``locator`` appears on the current page.</doc>
<status status="NOT RUN" starttime="20230628 14:58:24.888" endtime="20230628 14:58:24.888"/>
</kw>
<status status="NOT RUN" starttime="20230628 14:58:24.884" endtime="20230628 14:58:24.889"/>
</branch>
<status status="PASS" starttime="20230628 14:58:14.903" endtime="20230628 14:58:24.889"/>
</if>
<status status="PASS" starttime="20230628 14:58:10.503" endtime="20230628 14:58:24.890"/>
</kw>
<test id="s1-s1-s1-t1" name="Tc_6 All_TC_of_Devices module_and_add" line="33">
<kw name="Set Selenium Speed" library="Selenium2Library">
<arg>0.5</arg>
<doc>Sets the delay that is waited after each Selenium command.</doc>
<status status="PASS" starttime="20230628 14:58:24.895" endtime="20230628 14:58:24.896"/>
</kw>
<kw name="Devices_Dashboard_Page_module" library="Devices_module">
<kw name="Wait Until Element Is Visible" library="Selenium2Library">
<arg>${Devices_xpath_SNP}</arg>
<arg>10</arg>
<doc>Waits until the element ``locator`` is visible.</doc>
<msg timestamp="20230628 14:58:34.864" level="WARN">Keyword 'Capture Page Screenshot' could not be run on failure: Message: no such window: target window already closed
from unknown error: web view not found
  (Session info: chrome=114.0.5735.198)
</msg>
<msg timestamp="20230628 14:58:34.866" level="FAIL">NoSuchWindowException: Message: no such window: target window already closed
from unknown error: web view not found
  (Session info: chrome=114.0.5735.198)
</msg>
<status status="FAIL" starttime="20230628 14:58:24.898" endtime="20230628 14:58:34.871"/>
</kw>
<kw name="Click Element" library="Selenium2Library">
<arg>${Devices_xpath_SNP}</arg>
<doc>Click the element identified by ``locator``.</doc>
<status status="NOT RUN" starttime="20230628 14:58:34.872" endtime="20230628 14:58:34.873"/>
</kw>
<kw name="Page Should Contain Element" library="Selenium2Library">
<arg>${verify_Devices_xpath_SNP}</arg>
<doc>Verifies that element ``locator`` is found on the current page.</doc>
<status status="NOT RUN" starttime="20230628 14:58:34.873" endtime="20230628 14:58:34.873"/>
</kw>
<kw name="Wait Until Element Is Visible" library="Selenium2Library">
<arg>${Devices_Filter_box}</arg>
<arg>10</arg>
<doc>Waits until the element ``locator`` is visible.</doc>
<status status="NOT RUN" starttime="20230628 14:58:34.873" endtime="20230628 14:58:34.873"/>
</kw>
<kw name="Get Value" library="Selenium2Library">
<var>${text}</var>
<arg>${Devices_Filter_box}</arg>
<doc>Returns the value attribute of the element identified by ``locator``.</doc>
<status status="NOT RUN" starttime="20230628 14:58:34.874" endtime="20230628 14:58:34.874"/>
</kw>
<if>
<branch type="IF" condition="'${text}' == 'All'">
<kw name="Log" library="BuiltIn">
<arg>default value is All</arg>
<doc>Logs the given message with the given level.</doc>
<status status="NOT RUN" starttime="20230628 14:58:34.874" endtime="20230628 14:58:34.874"/>
</kw>
<status status="NOT RUN" starttime="20230628 14:58:34.874" endtime="20230628 14:58:34.875"/>
</branch>
<branch type="ELSE">
<kw name="Log" library="BuiltIn">
<arg>Defaut value is ${text}</arg>
<doc>Logs the given message with the given level.</doc>
<status status="NOT RUN" starttime="20230628 14:58:34.875" endtime="20230628 14:58:34.875"/>
</kw>
<kw name="Fatal Error" library="BuiltIn">
<doc>Stops the whole test execution.</doc>
<status status="NOT RUN" starttime="20230628 14:58:34.875" endtime="20230628 14:58:34.876"/>
</kw>
<status status="NOT RUN" starttime="20230628 14:58:34.875" endtime="20230628 14:58:34.876"/>
</branch>
<status status="NOT RUN" starttime="20230628 14:58:34.874" endtime="20230628 14:58:34.876"/>
</if>
<kw name="Clear Element Text" library="Selenium2Library">
<arg>${Devices_Filter_box}</arg>
<doc>Clears the value of the text-input-element identified by ``locator``.</doc>
<status status="NOT RUN" starttime="20230628 14:58:34.876" endtime="20230628 14:58:34.876"/>
</kw>
<kw name="Element Attribute Value Should Be" library="Selenium2Library">
<arg>${Devices_Filter_box}</arg>
<arg>placeholder</arg>
<arg>Device profile</arg>
<doc>Verifies element identified by ``locator`` contains expected attribute value.</doc>
<status status="NOT RUN" starttime="20230628 14:58:34.877" endtime="20230628 14:58:34.877"/>
</kw>
<kw name="Log" library="BuiltIn">
<arg>verified helpText Device profile</arg>
<doc>Logs the given message with the given level.</doc>
<status status="NOT RUN" starttime="20230628 14:58:34.877" endtime="20230628 14:58:34.877"/>
</kw>
<kw name="Wait Until Element Is Visible" library="Selenium2Library">
<arg>${DEvices_filter_suggestion}</arg>
<doc>Waits until the element ``locator`` is visible.</doc>
<status status="NOT RUN" starttime="20230628 14:58:34.878" endtime="20230628 14:58:34.878"/>
</kw>
<kw name="Click Element" library="Selenium2Library">
<arg>${DEvices_filter_suggestion}</arg>
<doc>Click the element identified by ``locator``.</doc>
<status status="NOT RUN" starttime="20230628 14:58:34.878" endtime="20230628 14:58:34.878"/>
</kw>
<kw name="Wait Until Element Is Visible" library="Selenium2Library">
<arg>${table_Data}</arg>
<doc>Waits until the element ``locator`` is visible.</doc>
<status status="NOT RUN" starttime="20230628 14:58:34.879" endtime="20230628 14:58:34.879"/>
</kw>
<kw name="Get Element Count" library="Selenium2Library">
<var>${table_count}</var>
<arg>${table_Data}</arg>
<doc>Returns the number of elements matching ``locator``.</doc>
<status status="NOT RUN" starttime="20230628 14:58:34.879" endtime="20230628 14:58:34.879"/>
</kw>
<for flavor="IN RANGE">
<var>${counter}</var>
<value>1</value>
<value>${table_count}+1</value>
<value>1</value>
<iter>
<var name="${counter}"/>
<kw name="Get Text" library="Selenium2Library">
<var>${text_table_value}</var>
<arg>(${table_Data})[${counter}]</arg>
<doc>Returns the text value of the element identified by ``locator``.</doc>
<status status="NOT RUN" starttime="20230628 14:58:34.880" endtime="20230628 14:58:34.880"/>
</kw>
<if>
<branch type="IF" condition="'${text_table_value}' == 'default'">
<kw name="Log" library="BuiltIn">
<arg>verified filter based on table entity</arg>
<doc>Logs the given message with the given level.</doc>
<status status="NOT RUN" starttime="20230628 14:58:34.881" endtime="20230628 14:58:34.881"/>
</kw>
<status status="NOT RUN" starttime="20230628 14:58:34.881" endtime="20230628 14:58:34.881"/>
</branch>
<branch type="ELSE">
<kw name="Log" library="BuiltIn">
<arg>Fail to verify value in table based on filter</arg>
<doc>Logs the given message with the given level.</doc>
<status status="NOT RUN" starttime="20230628 14:58:34.882" endtime="20230628 14:58:34.882"/>
</kw>
<kw name="Run Keyword If Test Failed" library="BuiltIn">
<arg>Logout_option</arg>
<doc>Runs the given keyword with the given arguments, if the test failed.</doc>
<status status="NOT RUN" starttime="20230628 14:58:34.882" endtime="20230628 14:58:34.882"/>
</kw>
<status status="NOT RUN" starttime="20230628 14:58:34.881" endtime="20230628 14:58:34.882"/>
</branch>
<status status="NOT RUN" starttime="20230628 14:58:34.880" endtime="20230628 14:58:34.883"/>
</if>
<status status="NOT RUN" starttime="20230628 14:58:34.880" endtime="20230628 14:58:34.883"/>
</iter>
<status status="NOT RUN" starttime="20230628 14:58:34.880" endtime="20230628 14:58:34.883"/>
</for>
<kw name="Click Element" library="Selenium2Library">
<arg>${xpath_x_button}</arg>
<doc>Click the element identified by ``locator``.</doc>
<status status="NOT RUN" starttime="20230628 14:58:34.883" endtime="20230628 14:58:34.883"/>
</kw>
<kw name="Get Value" library="Selenium2Library">
<var>${text_1}</var>
<arg>${Devices_Filter_box}</arg>
<doc>Returns the value attribute of the element identified by ``locator``.</doc>
<status status="NOT RUN" starttime="20230628 14:58:34.883" endtime="20230628 14:58:34.884"/>
</kw>
<if>
<branch type="IF" condition="'${text_1}' == ''">
<kw name="Log" library="BuiltIn">
<arg>verified Data is cleared</arg>
<doc>Logs the given message with the given level.</doc>
<status status="NOT RUN" starttime="20230628 14:58:34.884" endtime="20230628 14:58:34.884"/>
</kw>
<status status="NOT RUN" starttime="20230628 14:58:34.884" endtime="20230628 14:58:34.885"/>
</branch>
<branch type="ELSE">
<kw name="Log" library="BuiltIn">
<arg>Fail to verified Data is cleared</arg>
<doc>Logs the given message with the given level.</doc>
<status status="NOT RUN" starttime="20230628 14:58:34.885" endtime="20230628 14:58:34.885"/>
</kw>
<kw name="Fatal Error" library="BuiltIn">
<doc>Stops the whole test execution.</doc>
<status status="NOT RUN" starttime="20230628 14:58:34.885" endtime="20230628 14:58:34.886"/>
</kw>
<status status="NOT RUN" starttime="20230628 14:58:34.885" endtime="20230628 14:58:34.886"/>
</branch>
<status status="NOT RUN" starttime="20230628 14:58:34.884" endtime="20230628 14:58:34.886"/>
</if>
<kw name="Click Element" library="Selenium2Library">
<arg>//tb-breadcrumb[@class="mat-toolbar-tools"]</arg>
<doc>Click the element identified by ``locator``.</doc>
<status status="NOT RUN" starttime="20230628 14:58:34.886" endtime="20230628 14:58:34.886"/>
</kw>
<status status="FAIL" starttime="20230628 14:58:24.897" endtime="20230628 14:58:34.887"/>
</kw>
<kw name="Add_Device_in_Device_module_setup" library="Devices_module">
<status status="NOT RUN" starttime="20230628 14:58:34.887" endtime="20230628 14:58:34.887"/>
</kw>
<kw name="Add_new_device_module_tc" library="Devices_module">
<status status="NOT RUN" starttime="20230628 14:58:34.887" endtime="20230628 14:58:34.887"/>
</kw>
<kw name="Add_new_device_transport_config_module_tc" library="Devices_module">
<status status="NOT RUN" starttime="20230628 14:58:34.888" endtime="20230628 14:58:34.888"/>
</kw>
<status status="FAIL" starttime="20230628 14:58:24.891" endtime="20230628 14:58:34.888">NoSuchWindowException: Message: no such window: target window already closed
from unknown error: web view not found
  (Session info: chrome=114.0.5735.198)
</status>
</test>
<kw name="Closing the browser" library="inital_setup" type="TEARDOWN">
<kw name="Close Browser" library="Selenium2Library">
<doc>Closes the current browser.</doc>
<status status="PASS" starttime="20230628 14:58:34.891" endtime="20230628 14:58:35.397"/>
</kw>
<status status="PASS" starttime="20230628 14:58:34.890" endtime="20230628 14:58:35.397"/>
</kw>
<status status="FAIL" starttime="20230628 14:58:10.314" endtime="20230628 14:58:35.398"/>
</suite>
<status status="FAIL" starttime="20230628 14:58:10.311" endtime="20230628 14:58:35.400"/>
</suite>
<status status="FAIL" starttime="20230628 14:58:10.295" endtime="20230628 14:58:35.402"/>
</suite>
<statistics>
<total>
<stat pass="0" fail="1" skip="0">All Tests</stat>
</total>
<tag>
</tag>
<suite>
<stat pass="0" fail="1" skip="0" id="s1" name="VVDN Icon">VVDN Icon</stat>
<stat pass="0" fail="1" skip="0" id="s1-s1" name="TestCases">VVDN Icon.TestCases</stat>
<stat pass="0" fail="1" skip="0" id="s1-s1-s1" name="Main file">VVDN Icon.TestCases.Main file</stat>
</suite>
</statistics>
<errors>
<msg timestamp="20230628 14:58:34.864" level="WARN">Keyword 'Capture Page Screenshot' could not be run on failure: Message: no such window: target window already closed
from unknown error: web view not found
  (Session info: chrome=114.0.5735.198)
</msg>
</errors>
</robot>
